<?xml version="1.0" encoding="UTF-8"?>
<!-- Generated by org.testng.reporters.JUnitReportReporter -->
<testsuite hostname="WIN-CNIQ7GSBK1T" failures="0" tests="1" name="practice.ForLp" time="0.557" errors="0" timestamp="2024-08-09T14:02:11 IST" skipped="0">
  <testcase classname="practice.ForLp" name="ff" time="0.557"/>
  <system-out/>
</testsuite> <!-- practice.ForLp -->
