<?xml version="1.0" encoding="UTF-8"?>
<!-- Generated by org.testng.reporters.JUnitReportReporter -->
<testsuite hostname="WIN-CNIQ7GSBK1T" failures="0" tests="1" name="practice.Screenshot" time="11.369" errors="0" timestamp="2024-08-05T20:34:22 IST" skipped="0">
  <testcase classname="practice.Screenshot" name="shot" time="11.369"/>
  <system-out/>
</testsuite> <!-- practice.Screenshot -->
