<?xml version="1.0" encoding="UTF-8"?>
<!-- Generated by org.testng.reporters.JUnitReportReporter -->
<testsuite hostname="WIN-CNIQ7GSBK1T" failures="0" tests="1" name="com.krn.tasks.Login" time="0.693" errors="0" timestamp="2024-08-04T16:30:53 IST" skipped="0">
  <testcase classname="com.krn.tasks.Login" name="signin" time="0.693"/>
  <system-out/>
</testsuite> <!-- com.krn.tasks.Login -->
